The system is: Linux - 3.11.10-29-desktop - x86_64
Compiling the C compiler identification source file "CMakeCCompilerId.c" succeeded.
Compiler: /usr/bin/cc 
Build flags: 
Id flags: 

The output was:
0


Compilation of the C compiler identification source "CMakeCCompilerId.c" produced "a.out"

The C compiler identification is GNU, found in "/home/jordi/TradingLab/tlab/build/CMakeFiles/2.8.11.2/CompilerIdC/a.out"

Compiling the CXX compiler identification source file "CMakeCXXCompilerId.cpp" succeeded.
Compiler: /usr/bin/c++ 
Build flags: 
Id flags: 

The output was:
0


Compilation of the CXX compiler identification source "CMakeCXXCompilerId.cpp" produced "a.out"

The CXX compiler identification is GNU, found in "/home/jordi/TradingLab/tlab/build/CMakeFiles/2.8.11.2/CompilerIdCXX/a.out"

Determining if the C compiler works passed with the following output:
Change Dir: /home/jordi/TradingLab/tlab/build/CMakeFiles/CMakeTmp

Run Build Command:/usr/bin/gmake "cmTryCompileExec3168880161/fast"
/usr/bin/gmake -f CMakeFiles/cmTryCompileExec3168880161.dir/build.make CMakeFiles/cmTryCompileExec3168880161.dir/build
gmake[1]: Entering directory `/home/jordi/TradingLab/tlab/build/CMakeFiles/CMakeTmp'
/usr/bin/cmake -E cmake_progress_report /home/jordi/TradingLab/tlab/build/CMakeFiles/CMakeTmp/CMakeFiles 1
Building C object CMakeFiles/cmTryCompileExec3168880161.dir/testCCompiler.c.o
/usr/bin/cc    -o CMakeFiles/cmTryCompileExec3168880161.dir/testCCompiler.c.o   -c /home/jordi/TradingLab/tlab/build/CMakeFiles/CMakeTmp/testCCompiler.c
Linking C executable cmTryCompileExec3168880161
/usr/bin/cmake -E cmake_link_script CMakeFiles/cmTryCompileExec3168880161.dir/link.txt --verbose=1
/usr/bin/cc         CMakeFiles/cmTryCompileExec3168880161.dir/testCCompiler.c.o  -o cmTryCompileExec3168880161 -rdynamic 
gmake[1]: Leaving directory `/home/jordi/TradingLab/tlab/build/CMakeFiles/CMakeTmp'


Detecting C compiler ABI info compiled with the following output:
Change Dir: /home/jordi/TradingLab/tlab/build/CMakeFiles/CMakeTmp

Run Build Command:/usr/bin/gmake "cmTryCompileExec400546468/fast"
/usr/bin/gmake -f CMakeFiles/cmTryCompileExec400546468.dir/build.make CMakeFiles/cmTryCompileExec400546468.dir/build
gmake[1]: Entering directory `/home/jordi/TradingLab/tlab/build/CMakeFiles/CMakeTmp'
/usr/bin/cmake -E cmake_progress_report /home/jordi/TradingLab/tlab/build/CMakeFiles/CMakeTmp/CMakeFiles 1
Building C object CMakeFiles/cmTryCompileExec400546468.dir/CMakeCCompilerABI.c.o
/usr/bin/cc    -o CMakeFiles/cmTryCompileExec400546468.dir/CMakeCCompilerABI.c.o   -c /usr/share/cmake/Modules/CMakeCCompilerABI.c
Linking C executable cmTryCompileExec400546468
/usr/bin/cmake -E cmake_link_script CMakeFiles/cmTryCompileExec400546468.dir/link.txt --verbose=1
/usr/bin/cc       -v CMakeFiles/cmTryCompileExec400546468.dir/CMakeCCompilerABI.c.o  -o cmTryCompileExec400546468 -rdynamic  
Using built-in specs.
COLLECT_GCC=/usr/bin/cc
COLLECT_LTO_WRAPPER=/usr/lib64/gcc/x86_64-suse-linux/4.8/lto-wrapper
Target: x86_64-suse-linux
Configured with: ../configure --prefix=/usr --infodir=/usr/share/info --mandir=/usr/share/man --libdir=/usr/lib64 --libexecdir=/usr/lib64 --enable-languages=c,c++,objc,fortran,obj-c++,java,ada --enable-checking=release --with-gxx-include-dir=/usr/include/c++/4.8 --enable-ssp --disable-libssp --disable-plugin --with-bugurl=http://bugs.opensuse.org/ --with-pkgversion='SUSE Linux' --disable-libgcj --disable-libmudflap --with-slibdir=/lib64 --with-system-zlib --enable-__cxa_atexit --enable-libstdcxx-allocator=new --disable-libstdcxx-pch --enable-version-specific-runtime-libs --enable-linker-build-id --program-suffix=-4.8 --enable-linux-futex --without-system-libunwind --with-arch-32=i586 --with-tune=generic --build=x86_64-suse-linux
Thread model: posix
gcc version 4.8.1 20130909 [gcc-4_8-branch revision 202388] (SUSE Linux) 
COMPILER_PATH=/usr/lib64/gcc/x86_64-suse-linux/4.8/:/usr/lib64/gcc/x86_64-suse-linux/4.8/:/usr/lib64/gcc/x86_64-suse-linux/:/usr/lib64/gcc/x86_64-suse-linux/4.8/:/usr/lib64/gcc/x86_64-suse-linux/:/usr/lib64/gcc/x86_64-suse-linux/4.8/../../../../x86_64-suse-linux/bin/
LIBRARY_PATH=/usr/lib64/gcc/x86_64-suse-linux/4.8/:/usr/lib64/gcc/x86_64-suse-linux/4.8/../../../../lib64/:/lib/../lib64/:/usr/lib/../lib64/:/usr/lib64/gcc/x86_64-suse-linux/4.8/../../../../x86_64-suse-linux/lib/:/usr/lib64/gcc/x86_64-suse-linux/4.8/../../../:/lib/:/usr/lib/
COLLECT_GCC_OPTIONS='-v' '-o' 'cmTryCompileExec400546468' '-rdynamic' '-mtune=generic' '-march=x86-64'
 /usr/lib64/gcc/x86_64-suse-linux/4.8/collect2 --build-id --eh-frame-hdr -m elf_x86_64 -export-dynamic -dynamic-linker /lib64/ld-linux-x86-64.so.2 -o cmTryCompileExec400546468 /usr/lib64/gcc/x86_64-suse-linux/4.8/../../../../lib64/crt1.o /usr/lib64/gcc/x86_64-suse-linux/4.8/../../../../lib64/crti.o /usr/lib64/gcc/x86_64-suse-linux/4.8/crtbegin.o -L/usr/lib64/gcc/x86_64-suse-linux/4.8 -L/usr/lib64/gcc/x86_64-suse-linux/4.8/../../../../lib64 -L/lib/../lib64 -L/usr/lib/../lib64 -L/usr/lib64/gcc/x86_64-suse-linux/4.8/../../../../x86_64-suse-linux/lib -L/usr/lib64/gcc/x86_64-suse-linux/4.8/../../.. CMakeFiles/cmTryCompileExec400546468.dir/CMakeCCompilerABI.c.o -lgcc --as-needed -lgcc_s --no-as-needed -lc -lgcc --as-needed -lgcc_s --no-as-needed /usr/lib64/gcc/x86_64-suse-linux/4.8/crtend.o /usr/lib64/gcc/x86_64-suse-linux/4.8/../../../../lib64/crtn.o
gmake[1]: Leaving directory `/home/jordi/TradingLab/tlab/build/CMakeFiles/CMakeTmp'


Parsed C implicit link information from above output:
  link line regex: [^( *|.*[/\])(ld|ld|collect2)[^/\]*( |$)]
  ignore line: [Change Dir: /home/jordi/TradingLab/tlab/build/CMakeFiles/CMakeTmp]
  ignore line: []
  ignore line: [Run Build Command:/usr/bin/gmake "cmTryCompileExec400546468/fast"]
  ignore line: [/usr/bin/gmake -f CMakeFiles/cmTryCompileExec400546468.dir/build.make CMakeFiles/cmTryCompileExec400546468.dir/build]
  ignore line: [gmake[1]: Entering directory `/home/jordi/TradingLab/tlab/build/CMakeFiles/CMakeTmp']
  ignore line: [/usr/bin/cmake -E cmake_progress_report /home/jordi/TradingLab/tlab/build/CMakeFiles/CMakeTmp/CMakeFiles 1]
  ignore line: [Building C object CMakeFiles/cmTryCompileExec400546468.dir/CMakeCCompilerABI.c.o]
  ignore line: [/usr/bin/cc    -o CMakeFiles/cmTryCompileExec400546468.dir/CMakeCCompilerABI.c.o   -c /usr/share/cmake/Modules/CMakeCCompilerABI.c]
  ignore line: [Linking C executable cmTryCompileExec400546468]
  ignore line: [/usr/bin/cmake -E cmake_link_script CMakeFiles/cmTryCompileExec400546468.dir/link.txt --verbose=1]
  ignore line: [/usr/bin/cc       -v CMakeFiles/cmTryCompileExec400546468.dir/CMakeCCompilerABI.c.o  -o cmTryCompileExec400546468 -rdynamic  ]
  ignore line: [Using built-in specs.]
  ignore line: [COLLECT_GCC=/usr/bin/cc]
  ignore line: [COLLECT_LTO_WRAPPER=/usr/lib64/gcc/x86_64-suse-linux/4.8/lto-wrapper]
  ignore line: [Target: x86_64-suse-linux]
  ignore line: [Configured with: ../configure --prefix=/usr --infodir=/usr/share/info --mandir=/usr/share/man --libdir=/usr/lib64 --libexecdir=/usr/lib64 --enable-languages=c,c++,objc,fortran,obj-c++,java,ada --enable-checking=release --with-gxx-include-dir=/usr/include/c++/4.8 --enable-ssp --disable-libssp --disable-plugin --with-bugurl=http://bugs.opensuse.org/ --with-pkgversion='SUSE Linux' --disable-libgcj --disable-libmudflap --with-slibdir=/lib64 --with-system-zlib --enable-__cxa_atexit --enable-libstdcxx-allocator=new --disable-libstdcxx-pch --enable-version-specific-runtime-libs --enable-linker-build-id --program-suffix=-4.8 --enable-linux-futex --without-system-libunwind --with-arch-32=i586 --with-tune=generic --build=x86_64-suse-linux]
  ignore line: [Thread model: posix]
  ignore line: [gcc version 4.8.1 20130909 [gcc-4_8-branch revision 202388] (SUSE Linux) ]
  ignore line: [COMPILER_PATH=/usr/lib64/gcc/x86_64-suse-linux/4.8/:/usr/lib64/gcc/x86_64-suse-linux/4.8/:/usr/lib64/gcc/x86_64-suse-linux/:/usr/lib64/gcc/x86_64-suse-linux/4.8/:/usr/lib64/gcc/x86_64-suse-linux/:/usr/lib64/gcc/x86_64-suse-linux/4.8/../../../../x86_64-suse-linux/bin/]
  ignore line: [LIBRARY_PATH=/usr/lib64/gcc/x86_64-suse-linux/4.8/:/usr/lib64/gcc/x86_64-suse-linux/4.8/../../../../lib64/:/lib/../lib64/:/usr/lib/../lib64/:/usr/lib64/gcc/x86_64-suse-linux/4.8/../../../../x86_64-suse-linux/lib/:/usr/lib64/gcc/x86_64-suse-linux/4.8/../../../:/lib/:/usr/lib/]
  ignore line: [COLLECT_GCC_OPTIONS='-v' '-o' 'cmTryCompileExec400546468' '-rdynamic' '-mtune=generic' '-march=x86-64']
  link line: [ /usr/lib64/gcc/x86_64-suse-linux/4.8/collect2 --build-id --eh-frame-hdr -m elf_x86_64 -export-dynamic -dynamic-linker /lib64/ld-linux-x86-64.so.2 -o cmTryCompileExec400546468 /usr/lib64/gcc/x86_64-suse-linux/4.8/../../../../lib64/crt1.o /usr/lib64/gcc/x86_64-suse-linux/4.8/../../../../lib64/crti.o /usr/lib64/gcc/x86_64-suse-linux/4.8/crtbegin.o -L/usr/lib64/gcc/x86_64-suse-linux/4.8 -L/usr/lib64/gcc/x86_64-suse-linux/4.8/../../../../lib64 -L/lib/../lib64 -L/usr/lib/../lib64 -L/usr/lib64/gcc/x86_64-suse-linux/4.8/../../../../x86_64-suse-linux/lib -L/usr/lib64/gcc/x86_64-suse-linux/4.8/../../.. CMakeFiles/cmTryCompileExec400546468.dir/CMakeCCompilerABI.c.o -lgcc --as-needed -lgcc_s --no-as-needed -lc -lgcc --as-needed -lgcc_s --no-as-needed /usr/lib64/gcc/x86_64-suse-linux/4.8/crtend.o /usr/lib64/gcc/x86_64-suse-linux/4.8/../../../../lib64/crtn.o]
    arg [/usr/lib64/gcc/x86_64-suse-linux/4.8/collect2] ==> ignore
    arg [--build-id] ==> ignore
    arg [--eh-frame-hdr] ==> ignore
    arg [-m] ==> ignore
    arg [elf_x86_64] ==> ignore
    arg [-export-dynamic] ==> ignore
    arg [-dynamic-linker] ==> ignore
    arg [/lib64/ld-linux-x86-64.so.2] ==> ignore
    arg [-o] ==> ignore
    arg [cmTryCompileExec400546468] ==> ignore
    arg [/usr/lib64/gcc/x86_64-suse-linux/4.8/../../../../lib64/crt1.o] ==> ignore
    arg [/usr/lib64/gcc/x86_64-suse-linux/4.8/../../../../lib64/crti.o] ==> ignore
    arg [/usr/lib64/gcc/x86_64-suse-linux/4.8/crtbegin.o] ==> ignore
    arg [-L/usr/lib64/gcc/x86_64-suse-linux/4.8] ==> dir [/usr/lib64/gcc/x86_64-suse-linux/4.8]
    arg [-L/usr/lib64/gcc/x86_64-suse-linux/4.8/../../../../lib64] ==> dir [/usr/lib64/gcc/x86_64-suse-linux/4.8/../../../../lib64]
    arg [-L/lib/../lib64] ==> dir [/lib/../lib64]
    arg [-L/usr/lib/../lib64] ==> dir [/usr/lib/../lib64]
    arg [-L/usr/lib64/gcc/x86_64-suse-linux/4.8/../../../../x86_64-suse-linux/lib] ==> dir [/usr/lib64/gcc/x86_64-suse-linux/4.8/../../../../x86_64-suse-linux/lib]
    arg [-L/usr/lib64/gcc/x86_64-suse-linux/4.8/../../..] ==> dir [/usr/lib64/gcc/x86_64-suse-linux/4.8/../../..]
    arg [CMakeFiles/cmTryCompileExec400546468.dir/CMakeCCompilerABI.c.o] ==> ignore
    arg [-lgcc] ==> lib [gcc]
    arg [--as-needed] ==> ignore
    arg [-lgcc_s] ==> lib [gcc_s]
    arg [--no-as-needed] ==> ignore
    arg [-lc] ==> lib [c]
    arg [-lgcc] ==> lib [gcc]
    arg [--as-needed] ==> ignore
    arg [-lgcc_s] ==> lib [gcc_s]
    arg [--no-as-needed] ==> ignore
    arg [/usr/lib64/gcc/x86_64-suse-linux/4.8/crtend.o] ==> ignore
    arg [/usr/lib64/gcc/x86_64-suse-linux/4.8/../../../../lib64/crtn.o] ==> ignore
  remove lib [gcc]
  remove lib [gcc_s]
  remove lib [gcc]
  remove lib [gcc_s]
  collapse library dir [/usr/lib64/gcc/x86_64-suse-linux/4.8] ==> [/usr/lib64/gcc/x86_64-suse-linux/4.8]
  collapse library dir [/usr/lib64/gcc/x86_64-suse-linux/4.8/../../../../lib64] ==> [/usr/lib64]
  collapse library dir [/lib/../lib64] ==> [/lib64]
  collapse library dir [/usr/lib/../lib64] ==> [/usr/lib64]
  collapse library dir [/usr/lib64/gcc/x86_64-suse-linux/4.8/../../../../x86_64-suse-linux/lib] ==> [/usr/x86_64-suse-linux/lib]
  collapse library dir [/usr/lib64/gcc/x86_64-suse-linux/4.8/../../..] ==> [/usr/lib64]
  implicit libs: [c]
  implicit dirs: [/usr/lib64/gcc/x86_64-suse-linux/4.8;/usr/lib64;/lib64;/usr/x86_64-suse-linux/lib]
  implicit fwks: []


Determining if the CXX compiler works passed with the following output:
Change Dir: /home/jordi/TradingLab/tlab/build/CMakeFiles/CMakeTmp

Run Build Command:/usr/bin/gmake "cmTryCompileExec634392803/fast"
/usr/bin/gmake -f CMakeFiles/cmTryCompileExec634392803.dir/build.make CMakeFiles/cmTryCompileExec634392803.dir/build
gmake[1]: Entering directory `/home/jordi/TradingLab/tlab/build/CMakeFiles/CMakeTmp'
/usr/bin/cmake -E cmake_progress_report /home/jordi/TradingLab/tlab/build/CMakeFiles/CMakeTmp/CMakeFiles 1
Building CXX object CMakeFiles/cmTryCompileExec634392803.dir/testCXXCompiler.cxx.o
/usr/bin/c++     -o CMakeFiles/cmTryCompileExec634392803.dir/testCXXCompiler.cxx.o -c /home/jordi/TradingLab/tlab/build/CMakeFiles/CMakeTmp/testCXXCompiler.cxx
Linking CXX executable cmTryCompileExec634392803
/usr/bin/cmake -E cmake_link_script CMakeFiles/cmTryCompileExec634392803.dir/link.txt --verbose=1
/usr/bin/c++          CMakeFiles/cmTryCompileExec634392803.dir/testCXXCompiler.cxx.o  -o cmTryCompileExec634392803 -rdynamic 
gmake[1]: Leaving directory `/home/jordi/TradingLab/tlab/build/CMakeFiles/CMakeTmp'


Detecting CXX compiler ABI info compiled with the following output:
Change Dir: /home/jordi/TradingLab/tlab/build/CMakeFiles/CMakeTmp

Run Build Command:/usr/bin/gmake "cmTryCompileExec144651170/fast"
/usr/bin/gmake -f CMakeFiles/cmTryCompileExec144651170.dir/build.make CMakeFiles/cmTryCompileExec144651170.dir/build
gmake[1]: Entering directory `/home/jordi/TradingLab/tlab/build/CMakeFiles/CMakeTmp'
/usr/bin/cmake -E cmake_progress_report /home/jordi/TradingLab/tlab/build/CMakeFiles/CMakeTmp/CMakeFiles 1
Building CXX object CMakeFiles/cmTryCompileExec144651170.dir/CMakeCXXCompilerABI.cpp.o
/usr/bin/c++     -o CMakeFiles/cmTryCompileExec144651170.dir/CMakeCXXCompilerABI.cpp.o -c /usr/share/cmake/Modules/CMakeCXXCompilerABI.cpp
Linking CXX executable cmTryCompileExec144651170
/usr/bin/cmake -E cmake_link_script CMakeFiles/cmTryCompileExec144651170.dir/link.txt --verbose=1
/usr/bin/c++        -v CMakeFiles/cmTryCompileExec144651170.dir/CMakeCXXCompilerABI.cpp.o  -o cmTryCompileExec144651170 -rdynamic  
Using built-in specs.
COLLECT_GCC=/usr/bin/c++
COLLECT_LTO_WRAPPER=/usr/lib64/gcc/x86_64-suse-linux/4.8/lto-wrapper
Target: x86_64-suse-linux
Configured with: ../configure --prefix=/usr --infodir=/usr/share/info --mandir=/usr/share/man --libdir=/usr/lib64 --libexecdir=/usr/lib64 --enable-languages=c,c++,objc,fortran,obj-c++,java,ada --enable-checking=release --with-gxx-include-dir=/usr/include/c++/4.8 --enable-ssp --disable-libssp --disable-plugin --with-bugurl=http://bugs.opensuse.org/ --with-pkgversion='SUSE Linux' --disable-libgcj --disable-libmudflap --with-slibdir=/lib64 --with-system-zlib --enable-__cxa_atexit --enable-libstdcxx-allocator=new --disable-libstdcxx-pch --enable-version-specific-runtime-libs --enable-linker-build-id --program-suffix=-4.8 --enable-linux-futex --without-system-libunwind --with-arch-32=i586 --with-tune=generic --build=x86_64-suse-linux
Thread model: posix
gcc version 4.8.1 20130909 [gcc-4_8-branch revision 202388] (SUSE Linux) 
COMPILER_PATH=/usr/lib64/gcc/x86_64-suse-linux/4.8/:/usr/lib64/gcc/x86_64-suse-linux/4.8/:/usr/lib64/gcc/x86_64-suse-linux/:/usr/lib64/gcc/x86_64-suse-linux/4.8/:/usr/lib64/gcc/x86_64-suse-linux/:/usr/lib64/gcc/x86_64-suse-linux/4.8/../../../../x86_64-suse-linux/bin/
LIBRARY_PATH=/usr/lib64/gcc/x86_64-suse-linux/4.8/:/usr/lib64/gcc/x86_64-suse-linux/4.8/../../../../lib64/:/lib/../lib64/:/usr/lib/../lib64/:/usr/lib64/gcc/x86_64-suse-linux/4.8/../../../../x86_64-suse-linux/lib/:/usr/lib64/gcc/x86_64-suse-linux/4.8/../../../:/lib/:/usr/lib/
COLLECT_GCC_OPTIONS='-v' '-o' 'cmTryCompileExec144651170' '-rdynamic' '-shared-libgcc' '-mtune=generic' '-march=x86-64'
 /usr/lib64/gcc/x86_64-suse-linux/4.8/collect2 --build-id --eh-frame-hdr -m elf_x86_64 -export-dynamic -dynamic-linker /lib64/ld-linux-x86-64.so.2 -o cmTryCompileExec144651170 /usr/lib64/gcc/x86_64-suse-linux/4.8/../../../../lib64/crt1.o /usr/lib64/gcc/x86_64-suse-linux/4.8/../../../../lib64/crti.o /usr/lib64/gcc/x86_64-suse-linux/4.8/crtbegin.o -L/usr/lib64/gcc/x86_64-suse-linux/4.8 -L/usr/lib64/gcc/x86_64-suse-linux/4.8/../../../../lib64 -L/lib/../lib64 -L/usr/lib/../lib64 -L/usr/lib64/gcc/x86_64-suse-linux/4.8/../../../../x86_64-suse-linux/lib -L/usr/lib64/gcc/x86_64-suse-linux/4.8/../../.. CMakeFiles/cmTryCompileExec144651170.dir/CMakeCXXCompilerABI.cpp.o -lstdc++ -lm -lgcc_s -lgcc -lc -lgcc_s -lgcc /usr/lib64/gcc/x86_64-suse-linux/4.8/crtend.o /usr/lib64/gcc/x86_64-suse-linux/4.8/../../../../lib64/crtn.o
gmake[1]: Leaving directory `/home/jordi/TradingLab/tlab/build/CMakeFiles/CMakeTmp'


Parsed CXX implicit link information from above output:
  link line regex: [^( *|.*[/\])(ld|ld|collect2)[^/\]*( |$)]
  ignore line: [Change Dir: /home/jordi/TradingLab/tlab/build/CMakeFiles/CMakeTmp]
  ignore line: []
  ignore line: [Run Build Command:/usr/bin/gmake "cmTryCompileExec144651170/fast"]
  ignore line: [/usr/bin/gmake -f CMakeFiles/cmTryCompileExec144651170.dir/build.make CMakeFiles/cmTryCompileExec144651170.dir/build]
  ignore line: [gmake[1]: Entering directory `/home/jordi/TradingLab/tlab/build/CMakeFiles/CMakeTmp']
  ignore line: [/usr/bin/cmake -E cmake_progress_report /home/jordi/TradingLab/tlab/build/CMakeFiles/CMakeTmp/CMakeFiles 1]
  ignore line: [Building CXX object CMakeFiles/cmTryCompileExec144651170.dir/CMakeCXXCompilerABI.cpp.o]
  ignore line: [/usr/bin/c++     -o CMakeFiles/cmTryCompileExec144651170.dir/CMakeCXXCompilerABI.cpp.o -c /usr/share/cmake/Modules/CMakeCXXCompilerABI.cpp]
  ignore line: [Linking CXX executable cmTryCompileExec144651170]
  ignore line: [/usr/bin/cmake -E cmake_link_script CMakeFiles/cmTryCompileExec144651170.dir/link.txt --verbose=1]
  ignore line: [/usr/bin/c++        -v CMakeFiles/cmTryCompileExec144651170.dir/CMakeCXXCompilerABI.cpp.o  -o cmTryCompileExec144651170 -rdynamic  ]
  ignore line: [Using built-in specs.]
  ignore line: [COLLECT_GCC=/usr/bin/c++]
  ignore line: [COLLECT_LTO_WRAPPER=/usr/lib64/gcc/x86_64-suse-linux/4.8/lto-wrapper]
  ignore line: [Target: x86_64-suse-linux]
  ignore line: [Configured with: ../configure --prefix=/usr --infodir=/usr/share/info --mandir=/usr/share/man --libdir=/usr/lib64 --libexecdir=/usr/lib64 --enable-languages=c,c++,objc,fortran,obj-c++,java,ada --enable-checking=release --with-gxx-include-dir=/usr/include/c++/4.8 --enable-ssp --disable-libssp --disable-plugin --with-bugurl=http://bugs.opensuse.org/ --with-pkgversion='SUSE Linux' --disable-libgcj --disable-libmudflap --with-slibdir=/lib64 --with-system-zlib --enable-__cxa_atexit --enable-libstdcxx-allocator=new --disable-libstdcxx-pch --enable-version-specific-runtime-libs --enable-linker-build-id --program-suffix=-4.8 --enable-linux-futex --without-system-libunwind --with-arch-32=i586 --with-tune=generic --build=x86_64-suse-linux]
  ignore line: [Thread model: posix]
  ignore line: [gcc version 4.8.1 20130909 [gcc-4_8-branch revision 202388] (SUSE Linux) ]
  ignore line: [COMPILER_PATH=/usr/lib64/gcc/x86_64-suse-linux/4.8/:/usr/lib64/gcc/x86_64-suse-linux/4.8/:/usr/lib64/gcc/x86_64-suse-linux/:/usr/lib64/gcc/x86_64-suse-linux/4.8/:/usr/lib64/gcc/x86_64-suse-linux/:/usr/lib64/gcc/x86_64-suse-linux/4.8/../../../../x86_64-suse-linux/bin/]
  ignore line: [LIBRARY_PATH=/usr/lib64/gcc/x86_64-suse-linux/4.8/:/usr/lib64/gcc/x86_64-suse-linux/4.8/../../../../lib64/:/lib/../lib64/:/usr/lib/../lib64/:/usr/lib64/gcc/x86_64-suse-linux/4.8/../../../../x86_64-suse-linux/lib/:/usr/lib64/gcc/x86_64-suse-linux/4.8/../../../:/lib/:/usr/lib/]
  ignore line: [COLLECT_GCC_OPTIONS='-v' '-o' 'cmTryCompileExec144651170' '-rdynamic' '-shared-libgcc' '-mtune=generic' '-march=x86-64']
  link line: [ /usr/lib64/gcc/x86_64-suse-linux/4.8/collect2 --build-id --eh-frame-hdr -m elf_x86_64 -export-dynamic -dynamic-linker /lib64/ld-linux-x86-64.so.2 -o cmTryCompileExec144651170 /usr/lib64/gcc/x86_64-suse-linux/4.8/../../../../lib64/crt1.o /usr/lib64/gcc/x86_64-suse-linux/4.8/../../../../lib64/crti.o /usr/lib64/gcc/x86_64-suse-linux/4.8/crtbegin.o -L/usr/lib64/gcc/x86_64-suse-linux/4.8 -L/usr/lib64/gcc/x86_64-suse-linux/4.8/../../../../lib64 -L/lib/../lib64 -L/usr/lib/../lib64 -L/usr/lib64/gcc/x86_64-suse-linux/4.8/../../../../x86_64-suse-linux/lib -L/usr/lib64/gcc/x86_64-suse-linux/4.8/../../.. CMakeFiles/cmTryCompileExec144651170.dir/CMakeCXXCompilerABI.cpp.o -lstdc++ -lm -lgcc_s -lgcc -lc -lgcc_s -lgcc /usr/lib64/gcc/x86_64-suse-linux/4.8/crtend.o /usr/lib64/gcc/x86_64-suse-linux/4.8/../../../../lib64/crtn.o]
    arg [/usr/lib64/gcc/x86_64-suse-linux/4.8/collect2] ==> ignore
    arg [--build-id] ==> ignore
    arg [--eh-frame-hdr] ==> ignore
    arg [-m] ==> ignore
    arg [elf_x86_64] ==> ignore
    arg [-export-dynamic] ==> ignore
    arg [-dynamic-linker] ==> ignore
    arg [/lib64/ld-linux-x86-64.so.2] ==> ignore
    arg [-o] ==> ignore
    arg [cmTryCompileExec144651170] ==> ignore
    arg [/usr/lib64/gcc/x86_64-suse-linux/4.8/../../../../lib64/crt1.o] ==> ignore
    arg [/usr/lib64/gcc/x86_64-suse-linux/4.8/../../../../lib64/crti.o] ==> ignore
    arg [/usr/lib64/gcc/x86_64-suse-linux/4.8/crtbegin.o] ==> ignore
    arg [-L/usr/lib64/gcc/x86_64-suse-linux/4.8] ==> dir [/usr/lib64/gcc/x86_64-suse-linux/4.8]
    arg [-L/usr/lib64/gcc/x86_64-suse-linux/4.8/../../../../lib64] ==> dir [/usr/lib64/gcc/x86_64-suse-linux/4.8/../../../../lib64]
    arg [-L/lib/../lib64] ==> dir [/lib/../lib64]
    arg [-L/usr/lib/../lib64] ==> dir [/usr/lib/../lib64]
    arg [-L/usr/lib64/gcc/x86_64-suse-linux/4.8/../../../../x86_64-suse-linux/lib] ==> dir [/usr/lib64/gcc/x86_64-suse-linux/4.8/../../../../x86_64-suse-linux/lib]
    arg [-L/usr/lib64/gcc/x86_64-suse-linux/4.8/../../..] ==> dir [/usr/lib64/gcc/x86_64-suse-linux/4.8/../../..]
    arg [CMakeFiles/cmTryCompileExec144651170.dir/CMakeCXXCompilerABI.cpp.o] ==> ignore
    arg [-lstdc++] ==> lib [stdc++]
    arg [-lm] ==> lib [m]
    arg [-lgcc_s] ==> lib [gcc_s]
    arg [-lgcc] ==> lib [gcc]
    arg [-lc] ==> lib [c]
    arg [-lgcc_s] ==> lib [gcc_s]
    arg [-lgcc] ==> lib [gcc]
    arg [/usr/lib64/gcc/x86_64-suse-linux/4.8/crtend.o] ==> ignore
    arg [/usr/lib64/gcc/x86_64-suse-linux/4.8/../../../../lib64/crtn.o] ==> ignore
  remove lib [gcc_s]
  remove lib [gcc]
  remove lib [gcc_s]
  remove lib [gcc]
  collapse library dir [/usr/lib64/gcc/x86_64-suse-linux/4.8] ==> [/usr/lib64/gcc/x86_64-suse-linux/4.8]
  collapse library dir [/usr/lib64/gcc/x86_64-suse-linux/4.8/../../../../lib64] ==> [/usr/lib64]
  collapse library dir [/lib/../lib64] ==> [/lib64]
  collapse library dir [/usr/lib/../lib64] ==> [/usr/lib64]
  collapse library dir [/usr/lib64/gcc/x86_64-suse-linux/4.8/../../../../x86_64-suse-linux/lib] ==> [/usr/x86_64-suse-linux/lib]
  collapse library dir [/usr/lib64/gcc/x86_64-suse-linux/4.8/../../..] ==> [/usr/lib64]
  implicit libs: [stdc++;m;c]
  implicit dirs: [/usr/lib64/gcc/x86_64-suse-linux/4.8;/usr/lib64;/lib64;/usr/x86_64-suse-linux/lib]
  implicit fwks: []


Determining if the Q_WS_X11 exist passed with the following output:
Change Dir: /home/jordi/TradingLab/tlab/build/CMakeFiles/CMakeTmp

Run Build Command:/usr/bin/gmake "cmTryCompileExec3880718535/fast"
/usr/bin/gmake -f CMakeFiles/cmTryCompileExec3880718535.dir/build.make CMakeFiles/cmTryCompileExec3880718535.dir/build
gmake[1]: Entering directory `/home/jordi/TradingLab/tlab/build/CMakeFiles/CMakeTmp'
/usr/bin/cmake -E cmake_progress_report /home/jordi/TradingLab/tlab/build/CMakeFiles/CMakeTmp/CMakeFiles 1
Building C object CMakeFiles/cmTryCompileExec3880718535.dir/CheckSymbolExists.c.o
/usr/bin/cc    -o CMakeFiles/cmTryCompileExec3880718535.dir/CheckSymbolExists.c.o   -c /home/jordi/TradingLab/tlab/build/CMakeFiles/CMakeTmp/CheckSymbolExists.c
Linking C executable cmTryCompileExec3880718535
/usr/bin/cmake -E cmake_link_script CMakeFiles/cmTryCompileExec3880718535.dir/link.txt --verbose=1
/usr/bin/cc         CMakeFiles/cmTryCompileExec3880718535.dir/CheckSymbolExists.c.o  -o cmTryCompileExec3880718535 -rdynamic 
gmake[1]: Leaving directory `/home/jordi/TradingLab/tlab/build/CMakeFiles/CMakeTmp'

File /home/jordi/TradingLab/tlab/build/CMakeFiles/CMakeTmp/CheckSymbolExists.c:
/* */
#include <QtCore/qglobal.h>

int main(int argc, char** argv)
{
  (void)argv;
#ifndef Q_WS_X11
  return ((int*)(&Q_WS_X11))[argc];
#else
  (void)argc;
  return 0;
#endif
}

Determining if the function XOpenDisplay exists in the /usr/lib64/libX11.so;/usr/lib64/libXext.so;/usr/lib64/libXft.so;/usr/lib64/libXau.so;/usr/lib64/libXdmcp.so;/usr/lib64/libXpm.so passed with the following output:
Change Dir: /home/jordi/TradingLab/tlab/build/CMakeFiles/CMakeTmp

Run Build Command:/usr/bin/gmake "cmTryCompileExec1458068150/fast"
/usr/bin/gmake -f CMakeFiles/cmTryCompileExec1458068150.dir/build.make CMakeFiles/cmTryCompileExec1458068150.dir/build
gmake[1]: Entering directory `/home/jordi/TradingLab/tlab/build/CMakeFiles/CMakeTmp'
/usr/bin/cmake -E cmake_progress_report /home/jordi/TradingLab/tlab/build/CMakeFiles/CMakeTmp/CMakeFiles 1
Building C object CMakeFiles/cmTryCompileExec1458068150.dir/CheckFunctionExists.c.o
/usr/bin/cc   -DCHECK_FUNCTION_EXISTS=XOpenDisplay   -o CMakeFiles/cmTryCompileExec1458068150.dir/CheckFunctionExists.c.o   -c /usr/share/cmake/Modules/CheckFunctionExists.c
Linking C executable cmTryCompileExec1458068150
/usr/bin/cmake -E cmake_link_script CMakeFiles/cmTryCompileExec1458068150.dir/link.txt --verbose=1
/usr/bin/cc     -DCHECK_FUNCTION_EXISTS=XOpenDisplay    CMakeFiles/cmTryCompileExec1458068150.dir/CheckFunctionExists.c.o  -o cmTryCompileExec1458068150 -rdynamic -lX11 -lXext -lXft -lXau -lXdmcp -lXpm 
gmake[1]: Leaving directory `/home/jordi/TradingLab/tlab/build/CMakeFiles/CMakeTmp'


Determining if the function gethostbyname exists passed with the following output:
Change Dir: /home/jordi/TradingLab/tlab/build/CMakeFiles/CMakeTmp

Run Build Command:/usr/bin/gmake "cmTryCompileExec1631251024/fast"
/usr/bin/gmake -f CMakeFiles/cmTryCompileExec1631251024.dir/build.make CMakeFiles/cmTryCompileExec1631251024.dir/build
gmake[1]: Entering directory `/home/jordi/TradingLab/tlab/build/CMakeFiles/CMakeTmp'
/usr/bin/cmake -E cmake_progress_report /home/jordi/TradingLab/tlab/build/CMakeFiles/CMakeTmp/CMakeFiles 1
Building C object CMakeFiles/cmTryCompileExec1631251024.dir/CheckFunctionExists.c.o
/usr/bin/cc   -DCHECK_FUNCTION_EXISTS=gethostbyname   -o CMakeFiles/cmTryCompileExec1631251024.dir/CheckFunctionExists.c.o   -c /usr/share/cmake/Modules/CheckFunctionExists.c
Linking C executable cmTryCompileExec1631251024
/usr/bin/cmake -E cmake_link_script CMakeFiles/cmTryCompileExec1631251024.dir/link.txt --verbose=1
/usr/bin/cc     -DCHECK_FUNCTION_EXISTS=gethostbyname    CMakeFiles/cmTryCompileExec1631251024.dir/CheckFunctionExists.c.o  -o cmTryCompileExec1631251024 -rdynamic 
gmake[1]: Leaving directory `/home/jordi/TradingLab/tlab/build/CMakeFiles/CMakeTmp'


Determining if the function connect exists passed with the following output:
Change Dir: /home/jordi/TradingLab/tlab/build/CMakeFiles/CMakeTmp

Run Build Command:/usr/bin/gmake "cmTryCompileExec2654494172/fast"
/usr/bin/gmake -f CMakeFiles/cmTryCompileExec2654494172.dir/build.make CMakeFiles/cmTryCompileExec2654494172.dir/build
gmake[1]: Entering directory `/home/jordi/TradingLab/tlab/build/CMakeFiles/CMakeTmp'
/usr/bin/cmake -E cmake_progress_report /home/jordi/TradingLab/tlab/build/CMakeFiles/CMakeTmp/CMakeFiles 1
Building C object CMakeFiles/cmTryCompileExec2654494172.dir/CheckFunctionExists.c.o
/usr/bin/cc   -DCHECK_FUNCTION_EXISTS=connect   -o CMakeFiles/cmTryCompileExec2654494172.dir/CheckFunctionExists.c.o   -c /usr/share/cmake/Modules/CheckFunctionExists.c
Linking C executable cmTryCompileExec2654494172
/usr/bin/cmake -E cmake_link_script CMakeFiles/cmTryCompileExec2654494172.dir/link.txt --verbose=1
/usr/bin/cc     -DCHECK_FUNCTION_EXISTS=connect    CMakeFiles/cmTryCompileExec2654494172.dir/CheckFunctionExists.c.o  -o cmTryCompileExec2654494172 -rdynamic 
gmake[1]: Leaving directory `/home/jordi/TradingLab/tlab/build/CMakeFiles/CMakeTmp'


Determining if the function remove exists passed with the following output:
Change Dir: /home/jordi/TradingLab/tlab/build/CMakeFiles/CMakeTmp

Run Build Command:/usr/bin/gmake "cmTryCompileExec330486181/fast"
/usr/bin/gmake -f CMakeFiles/cmTryCompileExec330486181.dir/build.make CMakeFiles/cmTryCompileExec330486181.dir/build
gmake[1]: Entering directory `/home/jordi/TradingLab/tlab/build/CMakeFiles/CMakeTmp'
/usr/bin/cmake -E cmake_progress_report /home/jordi/TradingLab/tlab/build/CMakeFiles/CMakeTmp/CMakeFiles 1
Building C object CMakeFiles/cmTryCompileExec330486181.dir/CheckFunctionExists.c.o
/usr/bin/cc   -DCHECK_FUNCTION_EXISTS=remove   -o CMakeFiles/cmTryCompileExec330486181.dir/CheckFunctionExists.c.o   -c /usr/share/cmake/Modules/CheckFunctionExists.c
Linking C executable cmTryCompileExec330486181
/usr/bin/cmake -E cmake_link_script CMakeFiles/cmTryCompileExec330486181.dir/link.txt --verbose=1
/usr/bin/cc     -DCHECK_FUNCTION_EXISTS=remove    CMakeFiles/cmTryCompileExec330486181.dir/CheckFunctionExists.c.o  -o cmTryCompileExec330486181 -rdynamic 
gmake[1]: Leaving directory `/home/jordi/TradingLab/tlab/build/CMakeFiles/CMakeTmp'


Determining if the function shmat exists passed with the following output:
Change Dir: /home/jordi/TradingLab/tlab/build/CMakeFiles/CMakeTmp

Run Build Command:/usr/bin/gmake "cmTryCompileExec1626838681/fast"
/usr/bin/gmake -f CMakeFiles/cmTryCompileExec1626838681.dir/build.make CMakeFiles/cmTryCompileExec1626838681.dir/build
gmake[1]: Entering directory `/home/jordi/TradingLab/tlab/build/CMakeFiles/CMakeTmp'
/usr/bin/cmake -E cmake_progress_report /home/jordi/TradingLab/tlab/build/CMakeFiles/CMakeTmp/CMakeFiles 1
Building C object CMakeFiles/cmTryCompileExec1626838681.dir/CheckFunctionExists.c.o
/usr/bin/cc   -DCHECK_FUNCTION_EXISTS=shmat   -o CMakeFiles/cmTryCompileExec1626838681.dir/CheckFunctionExists.c.o   -c /usr/share/cmake/Modules/CheckFunctionExists.c
Linking C executable cmTryCompileExec1626838681
/usr/bin/cmake -E cmake_link_script CMakeFiles/cmTryCompileExec1626838681.dir/link.txt --verbose=1
/usr/bin/cc     -DCHECK_FUNCTION_EXISTS=shmat    CMakeFiles/cmTryCompileExec1626838681.dir/CheckFunctionExists.c.o  -o cmTryCompileExec1626838681 -rdynamic 
gmake[1]: Leaving directory `/home/jordi/TradingLab/tlab/build/CMakeFiles/CMakeTmp'


Determining if the function IceConnectionNumber exists in the ICE passed with the following output:
Change Dir: /home/jordi/TradingLab/tlab/build/CMakeFiles/CMakeTmp

Run Build Command:/usr/bin/gmake "cmTryCompileExec3998921152/fast"
/usr/bin/gmake -f CMakeFiles/cmTryCompileExec3998921152.dir/build.make CMakeFiles/cmTryCompileExec3998921152.dir/build
gmake[1]: Entering directory `/home/jordi/TradingLab/tlab/build/CMakeFiles/CMakeTmp'
/usr/bin/cmake -E cmake_progress_report /home/jordi/TradingLab/tlab/build/CMakeFiles/CMakeTmp/CMakeFiles 1
Building C object CMakeFiles/cmTryCompileExec3998921152.dir/CheckFunctionExists.c.o
/usr/bin/cc   -DCHECK_FUNCTION_EXISTS=IceConnectionNumber   -o CMakeFiles/cmTryCompileExec3998921152.dir/CheckFunctionExists.c.o   -c /usr/share/cmake/Modules/CheckFunctionExists.c
Linking C executable cmTryCompileExec3998921152
/usr/bin/cmake -E cmake_link_script CMakeFiles/cmTryCompileExec3998921152.dir/link.txt --verbose=1
/usr/bin/cc     -DCHECK_FUNCTION_EXISTS=IceConnectionNumber    CMakeFiles/cmTryCompileExec3998921152.dir/CheckFunctionExists.c.o  -o cmTryCompileExec3998921152 -rdynamic -lICE 
gmake[1]: Leaving directory `/home/jordi/TradingLab/tlab/build/CMakeFiles/CMakeTmp'


Determining if files pthread.h exist passed with the following output:
Change Dir: /home/jordi/TradingLab/tlab/build/CMakeFiles/CMakeTmp

Run Build Command:/usr/bin/gmake "cmTryCompileExec3691710155/fast"
/usr/bin/gmake -f CMakeFiles/cmTryCompileExec3691710155.dir/build.make CMakeFiles/cmTryCompileExec3691710155.dir/build
gmake[1]: Entering directory `/home/jordi/TradingLab/tlab/build/CMakeFiles/CMakeTmp'
/usr/bin/cmake -E cmake_progress_report /home/jordi/TradingLab/tlab/build/CMakeFiles/CMakeTmp/CMakeFiles 1
Building C object CMakeFiles/cmTryCompileExec3691710155.dir/CheckIncludeFiles.c.o
/usr/bin/cc    -o CMakeFiles/cmTryCompileExec3691710155.dir/CheckIncludeFiles.c.o   -c /home/jordi/TradingLab/tlab/build/CMakeFiles/CMakeTmp/CheckIncludeFiles.c
Linking C executable cmTryCompileExec3691710155
/usr/bin/cmake -E cmake_link_script CMakeFiles/cmTryCompileExec3691710155.dir/link.txt --verbose=1
/usr/bin/cc         CMakeFiles/cmTryCompileExec3691710155.dir/CheckIncludeFiles.c.o  -o cmTryCompileExec3691710155 -rdynamic 
gmake[1]: Leaving directory `/home/jordi/TradingLab/tlab/build/CMakeFiles/CMakeTmp'


Determining if the function pthread_create exists in the pthread passed with the following output:
Change Dir: /home/jordi/TradingLab/tlab/build/CMakeFiles/CMakeTmp

Run Build Command:/usr/bin/gmake "cmTryCompileExec2178020249/fast"
/usr/bin/gmake -f CMakeFiles/cmTryCompileExec2178020249.dir/build.make CMakeFiles/cmTryCompileExec2178020249.dir/build
gmake[1]: Entering directory `/home/jordi/TradingLab/tlab/build/CMakeFiles/CMakeTmp'
/usr/bin/cmake -E cmake_progress_report /home/jordi/TradingLab/tlab/build/CMakeFiles/CMakeTmp/CMakeFiles 1
Building C object CMakeFiles/cmTryCompileExec2178020249.dir/CheckFunctionExists.c.o
/usr/bin/cc   -DCHECK_FUNCTION_EXISTS=pthread_create   -o CMakeFiles/cmTryCompileExec2178020249.dir/CheckFunctionExists.c.o   -c /usr/share/cmake/Modules/CheckFunctionExists.c
Linking C executable cmTryCompileExec2178020249
/usr/bin/cmake -E cmake_link_script CMakeFiles/cmTryCompileExec2178020249.dir/link.txt --verbose=1
/usr/bin/cc     -DCHECK_FUNCTION_EXISTS=pthread_create    CMakeFiles/cmTryCompileExec2178020249.dir/CheckFunctionExists.c.o  -o cmTryCompileExec2178020249 -rdynamic -lpthread 
gmake[1]: Leaving directory `/home/jordi/TradingLab/tlab/build/CMakeFiles/CMakeTmp'


Determining if the _POSIX_TIMERS exist passed with the following output:
Change Dir: /home/jordi/TradingLab/tlab/build/CMakeFiles/CMakeTmp

Run Build Command:/usr/bin/gmake "cmTryCompileExec374066322/fast"
/usr/bin/gmake -f CMakeFiles/cmTryCompileExec374066322.dir/build.make CMakeFiles/cmTryCompileExec374066322.dir/build
gmake[1]: Entering directory `/home/jordi/TradingLab/tlab/build/CMakeFiles/CMakeTmp'
/usr/bin/cmake -E cmake_progress_report /home/jordi/TradingLab/tlab/build/CMakeFiles/CMakeTmp/CMakeFiles 1
Building C object CMakeFiles/cmTryCompileExec374066322.dir/CheckSymbolExists.c.o
/usr/bin/cc    -o CMakeFiles/cmTryCompileExec374066322.dir/CheckSymbolExists.c.o   -c /home/jordi/TradingLab/tlab/build/CMakeFiles/CMakeTmp/CheckSymbolExists.c
Linking C executable cmTryCompileExec374066322
/usr/bin/cmake -E cmake_link_script CMakeFiles/cmTryCompileExec374066322.dir/link.txt --verbose=1
/usr/bin/cc         CMakeFiles/cmTryCompileExec374066322.dir/CheckSymbolExists.c.o  -o cmTryCompileExec374066322 -rdynamic -lrt 
gmake[1]: Leaving directory `/home/jordi/TradingLab/tlab/build/CMakeFiles/CMakeTmp'

File /home/jordi/TradingLab/tlab/build/CMakeFiles/CMakeTmp/CheckSymbolExists.c:
/* */
#include <unistd.h>
#include <time.h>

int main(int argc, char** argv)
{
  (void)argv;
#ifndef _POSIX_TIMERS
  return ((int*)(&_POSIX_TIMERS))[argc];
#else
  (void)argc;
  return 0;
#endif
}

Performing C++ SOURCE FILE Test _OFFT_IS_64BIT succeded with the following output:
Change Dir: /home/jordi/TradingLab/tlab/build/CMakeFiles/CMakeTmp

Run Build Command:/usr/bin/gmake "cmTryCompileExec3818111258/fast"
/usr/bin/gmake -f CMakeFiles/cmTryCompileExec3818111258.dir/build.make CMakeFiles/cmTryCompileExec3818111258.dir/build
gmake[1]: Entering directory `/home/jordi/TradingLab/tlab/build/CMakeFiles/CMakeTmp'
/usr/bin/cmake -E cmake_progress_report /home/jordi/TradingLab/tlab/build/CMakeFiles/CMakeTmp/CMakeFiles 1
Building CXX object CMakeFiles/cmTryCompileExec3818111258.dir/src.cxx.o
/usr/bin/c++    -D_OFFT_IS_64BIT   -o CMakeFiles/cmTryCompileExec3818111258.dir/src.cxx.o -c /home/jordi/TradingLab/tlab/build/CMakeFiles/CMakeTmp/src.cxx
Linking CXX executable cmTryCompileExec3818111258
/usr/bin/cmake -E cmake_link_script CMakeFiles/cmTryCompileExec3818111258.dir/link.txt --verbose=1
/usr/bin/c++      -D_OFFT_IS_64BIT    CMakeFiles/cmTryCompileExec3818111258.dir/src.cxx.o  -o cmTryCompileExec3818111258 -rdynamic 
gmake[1]: Leaving directory `/home/jordi/TradingLab/tlab/build/CMakeFiles/CMakeTmp'

Source file was:

#include <sys/types.h>
 /* Check that off_t can represent 2**63 - 1 correctly.
    We can't simply define LARGE_OFF_T to be 9223372036854775807,
    since some C++ compilers masquerading as C compilers
    incorrectly reject 9223372036854775807.  */
#define LARGE_OFF_T (((off_t) 1 << 62) - 1 + ((off_t) 1 << 62))

  int off_t_is_large[(LARGE_OFF_T % 2147483629 == 721 && LARGE_OFF_T % 2147483647 == 1) ? 1 : -1];
  int main() { return 0; }

Performing C++ SOURCE FILE Test HAVE_FPIE_SUPPORT succeded with the following output:
Change Dir: /home/jordi/TradingLab/tlab/build/CMakeFiles/CMakeTmp

Run Build Command:/usr/bin/gmake "cmTryCompileExec1792101456/fast"
/usr/bin/gmake -f CMakeFiles/cmTryCompileExec1792101456.dir/build.make CMakeFiles/cmTryCompileExec1792101456.dir/build
gmake[1]: Entering directory `/home/jordi/TradingLab/tlab/build/CMakeFiles/CMakeTmp'
/usr/bin/cmake -E cmake_progress_report /home/jordi/TradingLab/tlab/build/CMakeFiles/CMakeTmp/CMakeFiles 1
Building CXX object CMakeFiles/cmTryCompileExec1792101456.dir/src.cxx.o
/usr/bin/c++    -Wnon-virtual-dtor -Wno-long-long -Wundef -Wcast-align -Wchar-subscripts -Wall -W -Wpointer-arith -Wformat-security -fno-exceptions -DQT_NO_EXCEPTIONS -fno-check-new -fno-common  -DHAVE_FPIE_SUPPORT   -fPIE -o CMakeFiles/cmTryCompileExec1792101456.dir/src.cxx.o -c /home/jordi/TradingLab/tlab/build/CMakeFiles/CMakeTmp/src.cxx
Linking CXX executable cmTryCompileExec1792101456
/usr/bin/cmake -E cmake_link_script CMakeFiles/cmTryCompileExec1792101456.dir/link.txt --verbose=1
/usr/bin/c++     -Wnon-virtual-dtor -Wno-long-long -Wundef -Wcast-align -Wchar-subscripts -Wall -W -Wpointer-arith -Wformat-security -fno-exceptions -DQT_NO_EXCEPTIONS -fno-check-new -fno-common  -DHAVE_FPIE_SUPPORT    CMakeFiles/cmTryCompileExec1792101456.dir/src.cxx.o  -o cmTryCompileExec1792101456 -rdynamic 
gmake[1]: Leaving directory `/home/jordi/TradingLab/tlab/build/CMakeFiles/CMakeTmp'

Source file was:
int main() { return 0;}
Performing C++ SOURCE FILE Test __KDE_HAVE_W_OVERLOADED_VIRTUAL succeded with the following output:
Change Dir: /home/jordi/TradingLab/tlab/build/CMakeFiles/CMakeTmp

Run Build Command:/usr/bin/gmake "cmTryCompileExec2618413354/fast"
/usr/bin/gmake -f CMakeFiles/cmTryCompileExec2618413354.dir/build.make CMakeFiles/cmTryCompileExec2618413354.dir/build
gmake[1]: Entering directory `/home/jordi/TradingLab/tlab/build/CMakeFiles/CMakeTmp'
/usr/bin/cmake -E cmake_progress_report /home/jordi/TradingLab/tlab/build/CMakeFiles/CMakeTmp/CMakeFiles 1
Building CXX object CMakeFiles/cmTryCompileExec2618413354.dir/src.cxx.o
/usr/bin/c++    -Wnon-virtual-dtor -Wno-long-long -Wundef -Wcast-align -Wchar-subscripts -Wall -W -Wpointer-arith -Wformat-security -fno-exceptions -DQT_NO_EXCEPTIONS -fno-check-new -fno-common  -D__KDE_HAVE_W_OVERLOADED_VIRTUAL   -Woverloaded-virtual -o CMakeFiles/cmTryCompileExec2618413354.dir/src.cxx.o -c /home/jordi/TradingLab/tlab/build/CMakeFiles/CMakeTmp/src.cxx
Linking CXX executable cmTryCompileExec2618413354
/usr/bin/cmake -E cmake_link_script CMakeFiles/cmTryCompileExec2618413354.dir/link.txt --verbose=1
/usr/bin/c++     -Wnon-virtual-dtor -Wno-long-long -Wundef -Wcast-align -Wchar-subscripts -Wall -W -Wpointer-arith -Wformat-security -fno-exceptions -DQT_NO_EXCEPTIONS -fno-check-new -fno-common  -D__KDE_HAVE_W_OVERLOADED_VIRTUAL    CMakeFiles/cmTryCompileExec2618413354.dir/src.cxx.o  -o cmTryCompileExec2618413354 -rdynamic 
gmake[1]: Leaving directory `/home/jordi/TradingLab/tlab/build/CMakeFiles/CMakeTmp'

Source file was:
int main() { return 0;}
Performing C++ SOURCE FILE Test __KDE_HAVE_GCC_VISIBILITY succeded with the following output:
Change Dir: /home/jordi/TradingLab/tlab/build/CMakeFiles/CMakeTmp

Run Build Command:/usr/bin/gmake "cmTryCompileExec4129517389/fast"
/usr/bin/gmake -f CMakeFiles/cmTryCompileExec4129517389.dir/build.make CMakeFiles/cmTryCompileExec4129517389.dir/build
gmake[1]: Entering directory `/home/jordi/TradingLab/tlab/build/CMakeFiles/CMakeTmp'
/usr/bin/cmake -E cmake_progress_report /home/jordi/TradingLab/tlab/build/CMakeFiles/CMakeTmp/CMakeFiles 1
Building CXX object CMakeFiles/cmTryCompileExec4129517389.dir/src.cxx.o
/usr/bin/c++    -Wnon-virtual-dtor -Wno-long-long -Wundef -Wcast-align -Wchar-subscripts -Wall -W -Wpointer-arith -Wformat-security -fno-exceptions -DQT_NO_EXCEPTIONS -fno-check-new -fno-common -Woverloaded-virtual  -D__KDE_HAVE_GCC_VISIBILITY   -fvisibility=hidden -o CMakeFiles/cmTryCompileExec4129517389.dir/src.cxx.o -c /home/jordi/TradingLab/tlab/build/CMakeFiles/CMakeTmp/src.cxx
Linking CXX executable cmTryCompileExec4129517389
/usr/bin/cmake -E cmake_link_script CMakeFiles/cmTryCompileExec4129517389.dir/link.txt --verbose=1
/usr/bin/c++     -Wnon-virtual-dtor -Wno-long-long -Wundef -Wcast-align -Wchar-subscripts -Wall -W -Wpointer-arith -Wformat-security -fno-exceptions -DQT_NO_EXCEPTIONS -fno-check-new -fno-common -Woverloaded-virtual  -D__KDE_HAVE_GCC_VISIBILITY    CMakeFiles/cmTryCompileExec4129517389.dir/src.cxx.o  -o cmTryCompileExec4129517389 -rdynamic 
gmake[1]: Leaving directory `/home/jordi/TradingLab/tlab/build/CMakeFiles/CMakeTmp'

Source file was:
int main() { return 0;}
